connectionpool.py [LINE:401]# DEBUG [2016-09-20 15:14:43,037] "POST /schedule.json HTTP/1.1" 200 84
scrapyd_file.py [LINE:43]# INFO [2016-09-20 15:14:43,038] Activated google spider. ----- coma
connectionpool.py [LINE:401]# DEBUG [2016-09-20 15:14:43,104] "POST /schedule.json HTTP/1.1" 200 84
scrapyd_file.py [LINE:43]# INFO [2016-09-20 15:14:43,105] Activated instagram spider. ----- coma
connectionpool.py [LINE:401]# DEBUG [2016-09-20 15:14:43,170] "POST /schedule.json HTTP/1.1" 200 84
scrapyd_file.py [LINE:43]# INFO [2016-09-20 15:14:43,171] Activated yandex spider. ----- coma
server.py [LINE:18]# INFO [2016-09-20 15:14:43,694] Client successes connected.
server.py [LINE:22]# INFO [2016-09-20 15:14:43,694] WebSocket connection open.
connection.py [LINE:99]# INFO [2016-09-20 15:14:43,699] Connecting to redis
protocol.py [LINE:821]# INFO [2016-09-20 15:14:43,700] Redis connection made
views.py [LINE:68]# INFO [2016-09-20 15:14:43,724] Successfully processed request.
server.py [LINE:63]# INFO [2016-09-20 15:14:54,876] Successes query to Redis.
protocol.py [LINE:899]# INFO [2016-09-20 15:14:54,877] Redis connection lost
views.py [LINE:68]# INFO [2016-09-20 15:14:54,896] Successfully processed request.
views.py [LINE:68]# INFO [2016-09-20 15:14:58,863] Successfully processed request.
views.py [LINE:38]# INFO [2016-09-20 16:36:42,652] Entered query is OK.
connectionpool.py [LINE:214]# INFO [2016-09-20 16:36:42,660] Starting new HTTP connection (1): 0.0.0.0
connectionpool.py [LINE:401]# DEBUG [2016-09-20 16:36:43,177] "GET /listspiders.json?project=links_finder HTTP/1.1" 200 97
scrapyd_file.py [LINE:37]# ERROR [2016-09-20 16:36:43,905] Could'not connect to Scrapyd.
views.py [LINE:68]# INFO [2016-09-20 16:36:44,418] Successfully processed request.
views.py [LINE:38]# INFO [2016-09-20 16:38:10,751] Entered query is OK.
connectionpool.py [LINE:214]# INFO [2016-09-20 16:38:10,757] Starting new HTTP connection (1): 0.0.0.0
connectionpool.py [LINE:401]# DEBUG [2016-09-20 16:38:11,217] "GET /listspiders.json?project=links_finder HTTP/1.1" 200 97
scrapyd_file.py [LINE:37]# ERROR [2016-09-20 16:38:11,760] Could'not connect to Scrapyd.
views.py [LINE:68]# INFO [2016-09-20 16:38:12,189] Successfully processed request.
views.py [LINE:38]# INFO [2016-09-20 16:40:03,853] Entered query is OK.
connectionpool.py [LINE:214]# INFO [2016-09-20 16:40:03,856] Starting new HTTP connection (1): 0.0.0.0
connectionpool.py [LINE:401]# DEBUG [2016-09-20 16:40:04,305] "GET /listspiders.json?project=links_finder HTTP/1.1" 200 97
scrapyd_file.py [LINE:37]# ERROR [2016-09-20 16:40:04,879] Could'not connect to Scrapyd.
views.py [LINE:68]# INFO [2016-09-20 16:40:05,367] Successfully processed request.
views.py [LINE:38]# INFO [2016-09-20 16:42:04,615] Entered query is OK.
connectionpool.py [LINE:214]# INFO [2016-09-20 16:42:04,617] Starting new HTTP connection (1): 0.0.0.0
connectionpool.py [LINE:401]# DEBUG [2016-09-20 16:42:05,146] "GET /listspiders.json?project=links_finder HTTP/1.1" 200 85
scrapyd_file.py [LINE:34]# INFO [2016-09-20 16:42:05,146] Сonnected to Scrapyd.
connectionpool.py [LINE:401]# DEBUG [2016-09-20 16:42:05,226] "POST /schedule.json HTTP/1.1" 200 84
scrapyd_file.py [LINE:43]# INFO [2016-09-20 16:42:05,227] Activated google spider. ----- milkjoys
connectionpool.py [LINE:401]# DEBUG [2016-09-20 16:42:05,293] "POST /schedule.json HTTP/1.1" 200 84
scrapyd_file.py [LINE:43]# INFO [2016-09-20 16:42:05,294] Activated instagram spider. ----- milkjoys
connectionpool.py [LINE:401]# DEBUG [2016-09-20 16:42:05,360] "POST /schedule.json HTTP/1.1" 200 84
scrapyd_file.py [LINE:43]# INFO [2016-09-20 16:42:05,361] Activated yandex spider. ----- milkjoys
views.py [LINE:68]# INFO [2016-09-20 16:42:05,865] Successfully processed request.
views.py [LINE:68]# INFO [2016-09-20 16:42:20,693] Successfully processed request.
views.py [LINE:68]# INFO [2016-09-20 16:42:23,541] Successfully processed request.
views.py [LINE:68]# INFO [2016-09-20 16:42:26,107] Successfully processed request.
views.py [LINE:38]# INFO [2016-09-20 16:47:10,965] Entered query is OK.
connectionpool.py [LINE:214]# INFO [2016-09-20 16:47:10,968] Starting new HTTP connection (1): 0.0.0.0
scrapyd_file.py [LINE:37]# ERROR [2016-09-20 16:47:11,533] Could'not connect to Scrapyd.
views.py [LINE:68]# INFO [2016-09-20 16:47:12,023] Successfully processed request.
views.py [LINE:38]# INFO [2016-09-20 16:48:06,631] Entered query is OK.
connectionpool.py [LINE:214]# INFO [2016-09-20 16:48:06,634] Starting new HTTP connection (1): 0.0.0.0
connectionpool.py [LINE:401]# DEBUG [2016-09-20 16:48:07,165] "GET /listspiders.json?project=links_finder HTTP/1.1" 200 85
scrapyd_file.py [LINE:34]# INFO [2016-09-20 16:48:07,165] Сonnected to Scrapyd.
connectionpool.py [LINE:401]# DEBUG [2016-09-20 16:48:07,250] "POST /schedule.json HTTP/1.1" 200 84
scrapyd_file.py [LINE:43]# INFO [2016-09-20 16:48:07,251] Activated google spider. ----- morrrs
connectionpool.py [LINE:401]# DEBUG [2016-09-20 16:48:07,317] "POST /schedule.json HTTP/1.1" 200 84
scrapyd_file.py [LINE:43]# INFO [2016-09-20 16:48:07,318] Activated instagram spider. ----- morrrs
connectionpool.py [LINE:401]# DEBUG [2016-09-20 16:48:07,393] "POST /schedule.json HTTP/1.1" 200 84
scrapyd_file.py [LINE:43]# INFO [2016-09-20 16:48:07,393] Activated yandex spider. ----- morrrs
views.py [LINE:68]# INFO [2016-09-20 16:48:07,925] Successfully processed request.
views.py [LINE:68]# INFO [2016-09-20 16:48:25,683] Successfully processed request.
views.py [LINE:68]# INFO [2016-09-20 16:49:17,126] Successfully processed request.
views.py [LINE:68]# INFO [2016-09-20 16:50:18,185] Successfully processed request.
views.py [LINE:38]# INFO [2016-09-20 16:50:22,964] Entered query is OK.
connectionpool.py [LINE:214]# INFO [2016-09-20 16:50:22,967] Starting new HTTP connection (1): 0.0.0.0
connectionpool.py [LINE:401]# DEBUG [2016-09-20 16:50:22,970] "GET /listspiders.json?project=links_finder HTTP/1.1" 200 85
scrapyd_file.py [LINE:34]# INFO [2016-09-20 16:50:22,971] Сonnected to Scrapyd.
connectionpool.py [LINE:401]# DEBUG [2016-09-20 16:50:23,190] "POST /schedule.json HTTP/1.1" 200 84
scrapyd_file.py [LINE:43]# INFO [2016-09-20 16:50:23,191] Activated google spider. ----- colos
connectionpool.py [LINE:401]# DEBUG [2016-09-20 16:50:23,278] "POST /schedule.json HTTP/1.1" 200 84
scrapyd_file.py [LINE:43]# INFO [2016-09-20 16:50:23,279] Activated instagram spider. ----- colos
connectionpool.py [LINE:401]# DEBUG [2016-09-20 16:50:23,395] "POST /schedule.json HTTP/1.1" 200 84
scrapyd_file.py [LINE:43]# INFO [2016-09-20 16:50:23,396] Activated yandex spider. ----- colos
views.py [LINE:68]# INFO [2016-09-20 16:50:23,880] Successfully processed request.
views.py [LINE:68]# INFO [2016-09-20 16:50:40,252] Successfully processed request.
views.py [LINE:68]# INFO [2016-09-20 16:51:04,712] Successfully processed request.
views.py [LINE:38]# INFO [2016-09-20 16:57:21,656] Entered query is OK.
connectionpool.py [LINE:214]# INFO [2016-09-20 16:57:21,659] Starting new HTTP connection (1): 0.0.0.0
connectionpool.py [LINE:401]# DEBUG [2016-09-20 16:57:22,191] "GET /listspiders.json?project=links_finder HTTP/1.1" 200 85
scrapyd_file.py [LINE:34]# INFO [2016-09-20 16:57:22,192] Сonnected to Scrapyd.
connectionpool.py [LINE:401]# DEBUG [2016-09-20 16:57:22,272] "POST /schedule.json HTTP/1.1" 200 84
scrapyd_file.py [LINE:43]# INFO [2016-09-20 16:57:22,273] Activated google spider. ----- axvvb
connectionpool.py [LINE:401]# DEBUG [2016-09-20 16:57:22,364] "POST /schedule.json HTTP/1.1" 200 84
scrapyd_file.py [LINE:43]# INFO [2016-09-20 16:57:22,364] Activated instagram spider. ----- axvvb
connectionpool.py [LINE:401]# DEBUG [2016-09-20 16:57:22,439] "POST /schedule.json HTTP/1.1" 200 84
scrapyd_file.py [LINE:43]# INFO [2016-09-20 16:57:22,439] Activated yandex spider. ----- axvvb
views.py [LINE:68]# INFO [2016-09-20 16:57:22,979] Successfully processed request.
views.py [LINE:68]# INFO [2016-09-20 16:57:35,788] Successfully processed request.
views.py [LINE:68]# INFO [2016-09-20 16:57:40,245] Successfully processed request.
views.py [LINE:68]# INFO [2016-09-20 16:57:41,553] Successfully processed request.
views.py [LINE:68]# INFO [2016-09-20 16:58:46,011] Successfully processed request.
views.py [LINE:38]# INFO [2016-09-20 16:58:49,781] Entered query is OK.
connectionpool.py [LINE:214]# INFO [2016-09-20 16:58:49,784] Starting new HTTP connection (1): 0.0.0.0
connectionpool.py [LINE:401]# DEBUG [2016-09-20 16:58:49,788] "GET /listspiders.json?project=links_finder HTTP/1.1" 200 85
scrapyd_file.py [LINE:34]# INFO [2016-09-20 16:58:49,789] Сonnected to Scrapyd.
connectionpool.py [LINE:401]# DEBUG [2016-09-20 16:58:50,028] "POST /schedule.json HTTP/1.1" 200 84
scrapyd_file.py [LINE:43]# INFO [2016-09-20 16:58:50,029] Activated google spider. ----- abvbghy
connectionpool.py [LINE:401]# DEBUG [2016-09-20 16:58:50,094] "POST /schedule.json HTTP/1.1" 200 84
scrapyd_file.py [LINE:43]# INFO [2016-09-20 16:58:50,095] Activated instagram spider. ----- abvbghy
connectionpool.py [LINE:401]# DEBUG [2016-09-20 16:58:50,161] "POST /schedule.json HTTP/1.1" 200 84
scrapyd_file.py [LINE:43]# INFO [2016-09-20 16:58:50,162] Activated yandex spider. ----- abvbghy
views.py [LINE:68]# INFO [2016-09-20 16:58:50,613] Successfully processed request.
views.py [LINE:68]# INFO [2016-09-20 16:58:58,827] Successfully processed request.
views.py [LINE:68]# INFO [2016-09-20 16:59:19,135] Successfully processed request.
views.py [LINE:68]# INFO [2016-09-20 17:05:05,528] Successfully processed request.
views.py [LINE:38]# INFO [2016-09-20 17:05:21,419] Entered query is OK.
connectionpool.py [LINE:214]# INFO [2016-09-20 17:05:21,421] Starting new HTTP connection (1): 0.0.0.0
connectionpool.py [LINE:401]# DEBUG [2016-09-20 17:05:21,424] "GET /listspiders.json?project=links_finder HTTP/1.1" 200 85
scrapyd_file.py [LINE:34]# INFO [2016-09-20 17:05:21,425] Сonnected to Scrapyd.
connectionpool.py [LINE:401]# DEBUG [2016-09-20 17:05:21,633] "POST /schedule.json HTTP/1.1" 200 84
scrapyd_file.py [LINE:43]# INFO [2016-09-20 17:05:21,634] Activated google spider. ----- jet2
connectionpool.py [LINE:401]# DEBUG [2016-09-20 17:05:21,709] "POST /schedule.json HTTP/1.1" 200 84
scrapyd_file.py [LINE:43]# INFO [2016-09-20 17:05:21,710] Activated instagram spider. ----- jet2
connectionpool.py [LINE:401]# DEBUG [2016-09-20 17:05:21,783] "POST /schedule.json HTTP/1.1" 200 84
scrapyd_file.py [LINE:43]# INFO [2016-09-20 17:05:21,784] Activated yandex spider. ----- jet2
views.py [LINE:68]# INFO [2016-09-20 17:05:22,301] Successfully processed request.
views.py [LINE:38]# INFO [2016-09-20 17:05:23,198] Entered query is OK.
connectionpool.py [LINE:214]# INFO [2016-09-20 17:05:23,200] Starting new HTTP connection (1): 0.0.0.0
connectionpool.py [LINE:401]# DEBUG [2016-09-20 17:05:23,202] "GET /listspiders.json?project=links_finder HTTP/1.1" 200 85
scrapyd_file.py [LINE:34]# INFO [2016-09-20 17:05:23,203] Сonnected to Scrapyd.
connectionpool.py [LINE:401]# DEBUG [2016-09-20 17:05:23,457] "POST /schedule.json HTTP/1.1" 200 84
scrapyd_file.py [LINE:43]# INFO [2016-09-20 17:05:23,458] Activated google spider. ----- jet
connectionpool.py [LINE:401]# DEBUG [2016-09-20 17:05:23,533] "POST /schedule.json HTTP/1.1" 200 84
scrapyd_file.py [LINE:43]# INFO [2016-09-20 17:05:23,534] Activated instagram spider. ----- jet
connectionpool.py [LINE:401]# DEBUG [2016-09-20 17:05:23,608] "POST /schedule.json HTTP/1.1" 200 84
scrapyd_file.py [LINE:43]# INFO [2016-09-20 17:05:23,608] Activated yandex spider. ----- jet
views.py [LINE:68]# INFO [2016-09-20 17:05:24,200] Successfully processed request.
views.py [LINE:68]# INFO [2016-09-20 17:05:32,223] Successfully processed request.
views.py [LINE:68]# INFO [2016-09-20 17:05:42,654] Successfully processed request.
views.py [LINE:68]# INFO [2016-09-20 17:05:42,850] Successfully processed request.
views.py [LINE:68]# INFO [2016-09-20 17:05:55,174] Successfully processed request.
